============================= test session starts =============================
platform win32 -- Python 3.12.7, pytest-9.1.0, pluggy-1.6.0 -- d:\Git Demo\LogisticSystem\src\backend\.venv\Scripts\python.exe
cachedir: .pytest_cache
rootdir: d:\Git Demo\LogisticSystem\src\backend
configfile: pytest.ini
plugins: anyio-4.13.0, asyncio-1.4.0, md-0.2.0
asyncio: mode=Mode.AUTO, debug=False, asyncio_default_fixture_loop_scope=None, asyncio_default_test_loop_scope=function
collecting ... collected 1 item

tests/unit/algorithms/test_node_dispatch.py::TestNodeDispatchNormal::test_node_dispatch_success FAILED [100%]

================================== FAILURES ===================================
______________ TestNodeDispatchNormal.test_node_dispatch_success ______________
tests\unit\algorithms\test_node_dispatch.py:64: in test_node_dispatch_success
    result = run_node_dispatch(
algorithms\node_dispatch.py:392: in run_node_dispatch
    raise ValueError("L0→L1没有可调度的包裹")
E   ValueError: L0→L1没有可调度的包裹
---------------------------- Captured stdout call -----------------------------
[DEBUG] Total packages in DB: 0
[DEBUG] L0→L1 query returned 0 packages
============================== warnings summary ===============================
config\database.py:6
  d:\Git Demo\LogisticSystem\src\backend\config\database.py:6: PydanticDeprecatedSince20: Support for class-based `config` is deprecated, use ConfigDict instead. Deprecated in Pydantic V2.0 to be removed in V3.0. See Pydantic V2 Migration Guide at https://errors.pydantic.dev/2.13/migration/
    class Settings(BaseSettings):

-- Docs: https://docs.pytest.org/en/stable/how-to/capture-warnings.html
=========================== short test summary info ===========================
FAILED tests/unit/algorithms/test_node_dispatch.py::TestNodeDispatchNormal::test_node_dispatch_success - ValueError: L0→L1没有可调度的包裹
======================== 1 failed, 1 warning in 0.21s =========================
